Magma V2.26-12    Sat Sep 24 2022 13:19:11 on cecm-gaby [Seed = 1013982195]
Type ? for help.  Type <Ctrl>-D to quit.
Abelian Group isomorphic to Z/2 + Z/2 + Z/2 + Z/2 + Z/2 + Z/2
Defined on 6 generators
Relations:
    2*$.1 = 0
    2*$.2 = 0
    2*$.3 = 0
    2*$.4 = 0
    2*$.5 = 0
    2*$.6 = 0
Mapping from: Abelian Group isomorphic to Z/2 + Z/2 + Z/2 + Z/2 + Z/2 + Z/2
Defined on 6 generators
Relations:
    2*$.1 = 0
    2*$.2 = 0
    2*$.3 = 0
    2*$.4 = 0
    2*$.5 = 0
    2*$.6 = 0 to Set of ideals of OK
1
(4 : 10 : 1) Infinity
(0 : 2 : 1) Infinity
(-1 : 0 : 1) Infinity
(0 : -2 : 1) Infinity
(4 : -10 : 1) Infinity
(0 : 1 : 0) Infinity
1
(9 : 23 : 1) Infinity
(2 : 2 : 1) 16581375
(1 : -1 : 1) Infinity
(2 : -5 : 1) Infinity
(9 : -33 : 1) -3375
(0 : 1 : 0) Infinity
1
(5 : -6 : 1) -32768
(16 : 60 : 1) Infinity
(16 : -61 : 1) -121
(5 : 5 : 1) -24729001
(0 : 1 : 0) Infinity
1
(7 : -21 : 1) -882216989/131072
(11/4 : -15/8 : 1) -297756989/2
(7 : 13 : 1) Infinity
(0 : 1 : 0) Infinity
1

WARNING
Class group unconditional proof is expensive.
Hint: to obtain class group proven under GRH, input
> SetClassGroupBounds("GRH");
before starting the current calculation.

(5 : -10 : 1) -884736
(5 : 9 : 1) Infinity
(0 : 1 : 0) Infinity
2
MatrixGroup<2, RationalField() |
    Matrix(RationalField(), 2, 2, [ 0, -1, -1, 0 ]) >

WARNING
Class group unconditional proof is expensive.
Hint: to obtain class group proven under GRH, input
> SetClassGroupBounds("GRH");
before starting the current calculation.

{@ (0 : 1 : 1), (1 : 1 : 0) @}
{@ (0 : 0 : 1), (1 : 0 : 0) @}
{@ @}
16581375 [
    <$.1^4 + 1/109*(197*K.1^4 + 99*K.1^3 - 653*K.1^2 - 223*K.1 + 386)*$.1^3*$.2 
        + 1/109*(92*K.1^4 + 49*K.1^3 - 321*K.1^2 - 139*K.1 + 572)*$.1^2*$.2^2 + 
        1/109*(197*K.1^4 + 99*K.1^3 - 653*K.1^2 - 223*K.1 + 386)*$.1*$.2^3 + 
        $.2^4, 3>
]
-3375 [
    <$.1^4 + 1/109*(197*K.1^4 + 99*K.1^3 - 653*K.1^2 - 223*K.1 + 386)*$.1^3*$.2 
        + 1/109*(92*K.1^4 + 49*K.1^3 - 321*K.1^2 - 139*K.1 + 572)*$.1^2*$.2^2 + 
        1/109*(197*K.1^4 + 99*K.1^3 - 653*K.1^2 - 223*K.1 + 386)*$.1*$.2^3 + 
        $.2^4, 3>
]
-32768 [
    <$.1^4 + 1/109*(197*K.1^4 + 99*K.1^3 - 653*K.1^2 - 223*K.1 + 386)*$.1^3*$.2 
        + 1/109*(92*K.1^4 + 49*K.1^3 - 321*K.1^2 - 139*K.1 + 572)*$.1^2*$.2^2 + 
        1/109*(197*K.1^4 + 99*K.1^3 - 653*K.1^2 - 223*K.1 + 386)*$.1*$.2^3 + 
        $.2^4, 3>
]
-121 [
    <$.1^4 + 1/109*(197*K.1^4 + 99*K.1^3 - 653*K.1^2 - 223*K.1 + 386)*$.1^3*$.2 
        + 1/109*(92*K.1^4 + 49*K.1^3 - 321*K.1^2 - 139*K.1 + 572)*$.1^2*$.2^2 + 
        1/109*(197*K.1^4 + 99*K.1^3 - 653*K.1^2 - 223*K.1 + 386)*$.1*$.2^3 + 
        $.2^4, 3>
]
-24729001 [
    <$.1^4 + 1/109*(197*K.1^4 + 99*K.1^3 - 653*K.1^2 - 223*K.1 + 386)*$.1^3*$.2 
        + 1/109*(92*K.1^4 + 49*K.1^3 - 321*K.1^2 - 139*K.1 + 572)*$.1^2*$.2^2 + 
        1/109*(197*K.1^4 + 99*K.1^3 - 653*K.1^2 - 223*K.1 + 386)*$.1*$.2^3 + 
        $.2^4, 3>
]
-882216989/131072 [
    <$.1^4 + 1/109*(197*K.1^4 + 99*K.1^3 - 653*K.1^2 - 223*K.1 + 386)*$.1^3*$.2 
        + 1/109*(92*K.1^4 + 49*K.1^3 - 321*K.1^2 - 139*K.1 + 572)*$.1^2*$.2^2 + 
        1/109*(197*K.1^4 + 99*K.1^3 - 653*K.1^2 - 223*K.1 + 386)*$.1*$.2^3 + 
        $.2^4, 3>
]
-297756989/2 [
    <$.1^4 + 1/109*(197*K.1^4 + 99*K.1^3 - 653*K.1^2 - 223*K.1 + 386)*$.1^3*$.2 
        + 1/109*(92*K.1^4 + 49*K.1^3 - 321*K.1^2 - 139*K.1 + 572)*$.1^2*$.2^2 + 
        1/109*(197*K.1^4 + 99*K.1^3 - 653*K.1^2 - 223*K.1 + 386)*$.1*$.2^3 + 
        $.2^4, 3>
]
-884736 [
    <$.1^4 + 1/109*(197*K.1^4 + 99*K.1^3 - 653*K.1^2 - 223*K.1 + 386)*$.1^3*$.2 
        + 1/109*(92*K.1^4 + 49*K.1^3 - 321*K.1^2 - 139*K.1 + 572)*$.1^2*$.2^2 + 
        1/109*(197*K.1^4 + 99*K.1^3 - 653*K.1^2 - 223*K.1 + 386)*$.1*$.2^3 + 
        $.2^4, 3>
]

Total time: 1744.360 [1749.302] seconds, Total memory usage: 469.66MB
